<?xml version="1.0" encoding="UTF-8"?>
<testng-results skipped="0" failed="0" ignored="0" total="1" passed="1">
  <reporter-output>
  </reporter-output>
  <suite name="Default suite" duration-ms="25953" started-at="2020-05-17T17:28:44 BST" finished-at="2020-05-17T17:29:10 BST">
    <groups>
      <group name="cucumber">
        <method signature="AbstractTestNGCucumberTests.runScenario(io.cucumber.testng.PickleEventWrapper, io.cucumber.testng.CucumberFeatureWrapper)[pri:0, instance:runners.TestNgRunner@3d99d22e]" name="runScenario" class="io.cucumber.testng.AbstractTestNGCucumberTests"/>
      </group> <!-- cucumber -->
    </groups>
    <test name="Default test" duration-ms="25953" started-at="2020-05-17T17:28:44 BST" finished-at="2020-05-17T17:29:10 BST">
      <class name="runners.TestNgRunner">
        <test-method status="PASS" signature="setUpClass()[pri:0, instance:runners.TestNgRunner@3d99d22e]" name="setUpClass" is-config="true" duration-ms="295" started-at="2020-05-17T17:28:44 BST" finished-at="2020-05-17T17:28:44 BST">
          <reporter-output>
          </reporter-output>
        </test-method> <!-- setUpClass -->
        <test-method status="PASS" signature="runScenario(io.cucumber.testng.PickleEventWrapper, io.cucumber.testng.CucumberFeatureWrapper)[pri:0, instance:runners.TestNgRunner@3d99d22e]" name="runScenario" duration-ms="25375" started-at="2020-05-17T17:28:44 BST" description="Runs Cucumber Scenarios" data-provider="scenarios" finished-at="2020-05-17T17:29:10 BST">
          <params>
            <param index="0">
              <value>
                <![CDATA["Should be asked to Sign In after summer dresses are added to the cart and checked out"]]>
              </value>
            </param>
            <param index="1">
              <value>
                <![CDATA["Title of your feature"]]>
              </value>
            </param>
          </params>
          <reporter-output>
          </reporter-output>
        </test-method> <!-- runScenario -->
        <test-method status="PASS" signature="tearDownClass()[pri:0, instance:runners.TestNgRunner@3d99d22e]" name="tearDownClass" is-config="true" duration-ms="123" started-at="2020-05-17T17:29:10 BST" finished-at="2020-05-17T17:29:10 BST">
          <reporter-output>
          </reporter-output>
        </test-method> <!-- tearDownClass -->
      </class> <!-- runners.TestNgRunner -->
    </test> <!-- Default test -->
  </suite> <!-- Default suite -->
</testng-results>
